{"C:\\Users\\gusta\\projetos\\kpi\\kpi-api\\src\\controllers\\DashboardController.ts": {"path":"C:\\Users\\gusta\\projetos\\kpi\\kpi-api\\src\\controllers\\DashboardController.ts","statementMap":{"0":{"start":{"line":1,"column":0},"end":{"line":1,"column":61}},"1":{"start":{"line":4,"column":0},"end":{"line":4,"column":44}},"2":{"start":{"line":8,"column":4},"end":{"line":13,"column":null}},"3":{"start":{"line":9,"column":23},"end":{"line":9,"column":73}},"4":{"start":{"line":10,"column":6},"end":{"line":10,"column":59}},"5":{"start":{"line":12,"column":6},"end":{"line":12,"column":55}},"6":{"start":{"line":6,"column":0},"end":{"line":6,"column":21}}},"fnMap":{"0":{"name":"(anonymous_8)","decl":{"start":{"line":7,"column":2},"end":{"line":7,"column":8}},"loc":{"start":{"line":7,"column":46},"end":{"line":14,"column":null}}}},"branchMap":{},"s":{"0":1,"1":1,"2":2,"3":2,"4":1,"5":1,"6":1},"f":{"0":2},"b":{}}
,"C:\\Users\\gusta\\projetos\\kpi\\kpi-api\\src\\controllers\\UserController.ts": {"path":"C:\\Users\\gusta\\projetos\\kpi\\kpi-api\\src\\controllers\\UserController.ts","statementMap":{"0":{"start":{"line":1,"column":0},"end":{"line":1,"column":51}},"1":{"start":{"line":4,"column":0},"end":{"line":4,"column":44}},"2":{"start":{"line":8,"column":4},"end":{"line":13,"column":null}},"3":{"start":{"line":9,"column":23},"end":{"line":9,"column":63}},"4":{"start":{"line":10,"column":6},"end":{"line":10,"column":59}},"5":{"start":{"line":12,"column":6},"end":{"line":12,"column":55}},"6":{"start":{"line":6,"column":0},"end":{"line":6,"column":21}}},"fnMap":{"0":{"name":"(anonymous_8)","decl":{"start":{"line":7,"column":2},"end":{"line":7,"column":8}},"loc":{"start":{"line":7,"column":46},"end":{"line":14,"column":null}}}},"branchMap":{},"s":{"0":1,"1":1,"2":2,"3":2,"4":1,"5":1,"6":1},"f":{"0":2},"b":{}}
,"C:\\Users\\gusta\\projetos\\kpi\\kpi-api\\src\\controllers\\UsersManagerController.ts": {"path":"C:\\Users\\gusta\\projetos\\kpi\\kpi-api\\src\\controllers\\UsersManagerController.ts","statementMap":{"0":{"start":{"line":1,"column":0},"end":{"line":1,"column":67}},"1":{"start":{"line":4,"column":0},"end":{"line":4,"column":44}},"2":{"start":{"line":8,"column":4},"end":{"line":13,"column":null}},"3":{"start":{"line":9,"column":23},"end":{"line":9,"column":58}},"4":{"start":{"line":10,"column":6},"end":{"line":10,"column":59}},"5":{"start":{"line":12,"column":6},"end":{"line":12,"column":55}},"6":{"start":{"line":6,"column":0},"end":{"line":6,"column":21}}},"fnMap":{"0":{"name":"(anonymous_8)","decl":{"start":{"line":7,"column":2},"end":{"line":7,"column":8}},"loc":{"start":{"line":7,"column":50},"end":{"line":14,"column":null}}}},"branchMap":{},"s":{"0":1,"1":1,"2":2,"3":2,"4":1,"5":1,"6":1},"f":{"0":2},"b":{}}
,"C:\\Users\\gusta\\projetos\\kpi\\kpi-api\\src\\helpers\\OrganizationTree.ts": {"path":"C:\\Users\\gusta\\projetos\\kpi\\kpi-api\\src\\helpers\\OrganizationTree.ts","statementMap":{"0":{"start":{"line":8,"column":4},"end":{"line":8,"column":21}},"1":{"start":{"line":9,"column":4},"end":{"line":9,"column":23}},"2":{"start":{"line":18,"column":4},"end":{"line":18,"column":21}},"3":{"start":{"line":19,"column":4},"end":{"line":19,"column":34}},"4":{"start":{"line":22,"column":4},"end":{"line":24,"column":null}},"5":{"start":{"line":23,"column":6},"end":{"line":23,"column":56}},"6":{"start":{"line":26,"column":4},"end":{"line":26,"column":21}},"7":{"start":{"line":30,"column":25},"end":{"line":30,"column":48}},"8":{"start":{"line":31,"column":4},"end":{"line":31,"column":48}},"9":{"start":{"line":35,"column":4},"end":{"line":39,"column":null}},"10":{"start":{"line":36,"column":6},"end":{"line":38,"column":null}},"11":{"start":{"line":37,"column":8},"end":{"line":37,"column":24}},"12":{"start":{"line":43,"column":17},"end":{"line":43,"column":44}},"13":{"start":{"line":44,"column":26},"end":{"line":44,"column":66}},"14":{"start":{"line":46,"column":4},"end":{"line":49,"column":null}},"15":{"start":{"line":47,"column":24},"end":{"line":47,"column":49}},"16":{"start":{"line":48,"column":6},"end":{"line":48,"column":36}},"17":{"start":{"line":51,"column":4},"end":{"line":51,"column":16}},"18":{"start":{"line":55,"column":38},"end":{"line":55,"column":40}},"19":{"start":{"line":57,"column":4},"end":{"line":61,"column":null}},"20":{"start":{"line":58,"column":6},"end":{"line":60,"column":null}},"21":{"start":{"line":59,"column":8},"end":{"line":59,"column":37}},"22":{"start":{"line":63,"column":4},"end":{"line":63,"column":25}},"23":{"start":{"line":67,"column":27},"end":{"line":67,"column":29}},"24":{"start":{"line":69,"column":35},"end":{"line":76,"column":5}},"25":{"start":{"line":70,"column":6},"end":{"line":75,"column":null}},"26":{"start":{"line":71,"column":8},"end":{"line":71,"column":31}},"27":{"start":{"line":72,"column":8},"end":{"line":74,"column":null}},"28":{"start":{"line":73,"column":10},"end":{"line":73,"column":40}},"29":{"start":{"line":78,"column":4},"end":{"line":78,"column":49}},"30":{"start":{"line":79,"column":4},"end":{"line":79,"column":19}},"31":{"start":{"line":81,"column":4},"end":{"line":81,"column":18}},"32":{"start":{"line":85,"column":30},"end":{"line":85,"column":41}},"33":{"start":{"line":87,"column":4},"end":{"line":94,"column":null}},"34":{"start":{"line":88,"column":19},"end":{"line":88,"column":32}},"35":{"start":{"line":89,"column":6},"end":{"line":91,"column":null}},"36":{"start":{"line":90,"column":8},"end":{"line":90,"column":20}},"37":{"start":{"line":93,"column":6},"end":{"line":93,"column":35}},"38":{"start":{"line":98,"column":0},"end":{"line":98,"column":32}}},"fnMap":{"0":{"name":"(anonymous_0)","decl":{"start":{"line":7,"column":2},"end":{"line":7,"column":14}},"loc":{"start":{"line":7,"column":24},"end":{"line":10,"column":3}}},"1":{"name":"(anonymous_1)","decl":{"start":{"line":17,"column":2},"end":{"line":17,"column":14}},"loc":{"start":{"line":17,"column":35},"end":{"line":27,"column":3}}},"2":{"name":"(anonymous_2)","decl":{"start":{"line":29,"column":2},"end":{"line":29,"column":11}},"loc":{"start":{"line":29,"column":11},"end":{"line":32,"column":3}}},"3":{"name":"(anonymous_3)","decl":{"start":{"line":34,"column":2},"end":{"line":34,"column":18}},"loc":{"start":{"line":34,"column":18},"end":{"line":40,"column":3}}},"4":{"name":"(anonymous_4)","decl":{"start":{"line":42,"column":2},"end":{"line":42,"column":14}},"loc":{"start":{"line":42,"column":33},"end":{"line":52,"column":3}}},"5":{"name":"(anonymous_5)","decl":{"start":{"line":54,"column":2},"end":{"line":54,"column":19}},"loc":{"start":{"line":54,"column":37},"end":{"line":64,"column":3}}},"6":{"name":"(anonymous_6)","decl":{"start":{"line":66,"column":2},"end":{"line":66,"column":13}},"loc":{"start":{"line":66,"column":28},"end":{"line":82,"column":3}}},"7":{"name":"(anonymous_7)","decl":{"start":{"line":69,"column":35},"end":{"line":69,"column":36}},"loc":{"start":{"line":69,"column":54},"end":{"line":76,"column":5}}},"8":{"name":"(anonymous_8)","decl":{"start":{"line":84,"column":2},"end":{"line":84,"column":9}},"loc":{"start":{"line":84,"column":24},"end":{"line":95,"column":3}}}},"branchMap":{"0":{"loc":{"start":{"line":36,"column":6},"end":{"line":38,"column":null}},"type":"if","locations":[{"start":{"line":36,"column":6},"end":{"line":38,"column":null}}]},"1":{"loc":{"start":{"line":58,"column":6},"end":{"line":60,"column":null}},"type":"if","locations":[{"start":{"line":58,"column":6},"end":{"line":60,"column":null}}]},"2":{"loc":{"start":{"line":58,"column":10},"end":{"line":58,"column":63}},"type":"binary-expr","locations":[{"start":{"line":58,"column":10},"end":{"line":58,"column":26}},{"start":{"line":58,"column":30},"end":{"line":58,"column":63}}]},"3":{"loc":{"start":{"line":70,"column":6},"end":{"line":75,"column":null}},"type":"if","locations":[{"start":{"line":70,"column":6},"end":{"line":75,"column":null}}]},"4":{"loc":{"start":{"line":70,"column":10},"end":{"line":70,"column":27}},"type":"binary-expr","locations":[{"start":{"line":70,"column":10},"end":{"line":70,"column":14}},{"start":{"line":70,"column":18},"end":{"line":70,"column":27}}]},"5":{"loc":{"start":{"line":89,"column":6},"end":{"line":91,"column":null}},"type":"if","locations":[{"start":{"line":89,"column":6},"end":{"line":91,"column":null}}]}},"s":{"0":700,"1":700,"2":6,"3":6,"4":6,"5":600,"6":6,"7":6,"8":6,"9":9,"10":9,"11":9,"12":700,"13":700,"14":700,"15":693,"16":693,"17":700,"18":701,"19":701,"20":70100,"21":696,"22":701,"23":1,"24":1,"25":9,"26":9,"27":9,"28":8,"29":1,"30":1,"31":1,"32":2,"33":2,"34":16,"35":16,"36":2,"37":14,"38":1},"f":{"0":700,"1":6,"2":6,"3":9,"4":700,"5":701,"6":1,"7":9,"8":2},"b":{"0":[9],"1":[696],"2":[70100,69399],"3":[9],"4":[9,9],"5":[2]}}
,"C:\\Users\\gusta\\projetos\\kpi\\kpi-api\\src\\tests\\helpers\\employees.ts": {"path":"C:\\Users\\gusta\\projetos\\kpi\\kpi-api\\src\\tests\\helpers\\employees.ts","statementMap":{"0":{"start":{"line":1,"column":13},"end":{"line":1596,"column":null}}},"fnMap":{},"branchMap":{},"s":{"0":1},"f":{},"b":{}}
,"C:\\Users\\gusta\\projetos\\kpi\\kpi-api\\src\\utils\\CustomError.ts": {"path":"C:\\Users\\gusta\\projetos\\kpi\\kpi-api\\src\\utils\\CustomError.ts","statementMap":{"0":{"start":{"line":5,"column":4},"end":{"line":5,"column":12}},"1":{"start":{"line":6,"column":4},"end":{"line":6,"column":25}},"2":{"start":{"line":7,"column":4},"end":{"line":7,"column":21}},"3":{"start":{"line":1,"column":0},"end":{"line":1,"column":21}}},"fnMap":{"0":{"name":"(anonymous_0)","decl":{"start":{"line":4,"column":2},"end":{"line":4,"column":14}},"loc":{"start":{"line":4,"column":39},"end":{"line":8,"column":3}}}},"branchMap":{},"s":{"0":5,"1":5,"2":5,"3":4},"f":{"0":5},"b":{}}
,"C:\\Users\\gusta\\projetos\\kpi\\kpi-api\\src\\utils\\status.ts": {"path":"C:\\Users\\gusta\\projetos\\kpi\\kpi-api\\src\\utils\\status.ts","statementMap":{"0":{"start":{"line":1,"column":13},"end":{"line":16,"column":null}}},"fnMap":{},"branchMap":{},"s":{"0":4},"f":{},"b":{}}
}
