TN:
SF:src\controllers\DashboardController.ts
FN:7,(anonymous_8)
FNF:1
FNH:1
FNDA:2,(anonymous_8)
DA:1,1
DA:4,1
DA:6,1
DA:8,2
DA:9,2
DA:10,1
DA:12,1
LF:7
LH:7
BRF:0
BRH:0
end_of_record
TN:
SF:src\controllers\UserController.ts
FN:7,(anonymous_8)
FNF:1
FNH:1
FNDA:2,(anonymous_8)
DA:1,1
DA:4,1
DA:6,1
DA:8,2
DA:9,2
DA:10,1
DA:12,1
LF:7
LH:7
BRF:0
BRH:0
end_of_record
TN:
SF:src\controllers\UsersManagerController.ts
FN:7,(anonymous_8)
FNF:1
FNH:1
FNDA:2,(anonymous_8)
DA:1,1
DA:4,1
DA:6,1
DA:8,2
DA:9,2
DA:10,1
DA:12,1
LF:7
LH:7
BRF:0
BRH:0
end_of_record
TN:
SF:src\helpers\OrganizationTree.ts
FN:7,(anonymous_0)
FN:17,(anonymous_1)
FN:29,(anonymous_2)
FN:34,(anonymous_3)
FN:42,(anonymous_4)
FN:54,(anonymous_5)
FN:66,(anonymous_6)
FN:69,(anonymous_7)
FN:84,(anonymous_8)
FNF:9
FNH:9
FNDA:700,(anonymous_0)
FNDA:6,(anonymous_1)
FNDA:6,(anonymous_2)
FNDA:9,(anonymous_3)
FNDA:700,(anonymous_4)
FNDA:701,(anonymous_5)
FNDA:1,(anonymous_6)
FNDA:9,(anonymous_7)
FNDA:2,(anonymous_8)
DA:8,700
DA:9,700
DA:18,6
DA:19,6
DA:22,6
DA:23,600
DA:26,6
DA:30,6
DA:31,6
DA:35,9
DA:36,9
DA:37,9
DA:43,700
DA:44,700
DA:46,700
DA:47,693
DA:48,693
DA:51,700
DA:55,701
DA:57,701
DA:58,70100
DA:59,696
DA:63,701
DA:67,1
DA:69,1
DA:70,9
DA:71,9
DA:72,9
DA:73,8
DA:78,1
DA:79,1
DA:81,1
DA:85,2
DA:87,2
DA:88,16
DA:89,16
DA:90,2
DA:93,14
DA:98,1
LF:39
LH:39
BRDA:36,0,0,9
BRDA:58,1,0,696
BRDA:58,2,0,70100
BRDA:58,2,1,69399
BRDA:70,3,0,9
BRDA:70,4,0,9
BRDA:70,4,1,9
BRDA:89,5,0,2
BRF:8
BRH:8
end_of_record
TN:
SF:src\tests\helpers\employees.ts
FNF:0
FNH:0
DA:1,1
LF:1
LH:1
BRF:0
BRH:0
end_of_record
TN:
SF:src\utils\CustomError.ts
FN:4,(anonymous_0)
FNF:1
FNH:1
FNDA:5,(anonymous_0)
DA:1,4
DA:5,5
DA:6,5
DA:7,5
LF:4
LH:4
BRF:0
BRH:0
end_of_record
TN:
SF:src\utils\status.ts
FNF:0
FNH:0
DA:1,4
LF:1
LH:1
BRF:0
BRH:0
end_of_record
